<?xml version="1.0" encoding="UTF-8"?>
<!-- Generated by org.testng.reporters.JUnitXMLReporter -->
<testsuite ignored="0" hostname="LAPTOP-LTVAK7HH" failures="0" tests="23" name="Default test" time="182.867" errors="0" timestamp="2024-08-01T21:48:25 IST">
  <testcase classname="projectLuma.ProjectLumaFlow" name="setup" time="2.275"/>
  <testcase classname="projectLuma.ProjectLumaFlow" name="urlContains" time="3.346"/>
  <testcase classname="projectLuma.ProjectLumaFlow" name="placeOrder" time="5.577"/>
  <testcase classname="projectLuma.ProjectLumaFlow" name="clickTopMenu" time="1.899"/>
  <testcase classname="projectLuma.ProjectLumaFlow" name="clickSorter" time="2.081"/>
  <testcase classname="projectLuma.ProjectLumaFlow" name="clickMaterial" time="1.748"/>
  <testcase classname="projectLuma.ProjectLumaFlow" name="clickPhotoProduct" time="1.204"/>
  <testcase classname="projectLuma.ProjectLumaFlow" name="addWishList" time="4.207"/>
  <testcase classname="projectLuma.ProjectLumaFlow" name="addQuantity" time="0.163"/>
  <testcase classname="projectLuma.ProjectLumaFlow" name="addToCart" time="4.138"/>
  <testcase classname="projectLuma.ProjectLumaFlow" name="clickCart" time="0.138"/>
  <testcase classname="projectLuma.ProjectLumaFlow" name="proceedCheckout" time="2.259"/>
  <testcase classname="projectLuma.ProjectLumaFlow" name="adddetails" time="7.221"/>
  <testcase classname="projectLuma.ProjectLumaFlow" name="updateDetails" time="3.204"/>
  <testcase classname="projectLuma.ProjectLumaFlow" name="placeOrderbtn" time="0.122"/>
  <testcase classname="projectLuma.ProjectLumaFlow" name="takeScreenshot" time="0.267"/>
  <testcase classname="projectLuma.ProjectLumaFlow" name="continueShopping" time="6.246"/>
  <testcase classname="projectLuma.ProjectLumaFlow" name="searchText" time="3.363"/>
  <testcase classname="projectLuma.ProjectLumaFlow" name="myOrder" time="3.339"/>
  <testcase classname="projectLuma.ProjectLumaFlow" name="signOut" time="3.678"/>
  <testcase classname="projectLuma.ProjectLumaFlow" name="changePwd" time="19.577"/>
  <testcase classname="projectLuma.ProjectLumaFlow" name="createAccount" time="56.835"/>
  <testcase classname="projectLuma.ProjectLumaFlow" name="signinValidInvalid" time="49.746"/>
</testsuite> <!-- Default test -->
