<?xml version="1.0" encoding="UTF-8"?>
<testng-results ignored="0" total="23" passed="23" failed="0" skipped="0">
  <reporter-output>
  </reporter-output>
  <suite started-at="2024-08-01T21:45:22 IST" name="Default suite" finished-at="2024-08-01T21:48:25 IST" duration-ms="182867">
    <groups>
    </groups>
    <test started-at="2024-08-01T21:45:22 IST" name="Default test" finished-at="2024-08-01T21:48:25 IST" duration-ms="182867">
      <class name="projectLuma.ProjectLumaFlow">
        <test-method signature="setup()[pri:0, instance:projectLuma.ProjectLumaFlow@6340e5f0]" started-at="2024-08-01T21:45:22 IST" name="setup" finished-at="2024-08-01T21:45:24 IST" duration-ms="2275" status="PASS">
          <reporter-output>
          </reporter-output>
        </test-method> <!-- setup -->
        <test-method signature="urlContains()[pri:1, instance:projectLuma.ProjectLumaFlow@6340e5f0]" started-at="2024-08-01T21:45:24 IST" name="urlContains" finished-at="2024-08-01T21:45:28 IST" duration-ms="3346" status="PASS">
          <reporter-output>
          </reporter-output>
        </test-method> <!-- urlContains -->
        <test-method signature="placeOrder()[pri:2, instance:projectLuma.ProjectLumaFlow@6340e5f0]" started-at="2024-08-01T21:45:28 IST" name="placeOrder" finished-at="2024-08-01T21:45:33 IST" duration-ms="5577" status="PASS">
          <reporter-output>
          </reporter-output>
        </test-method> <!-- placeOrder -->
        <test-method signature="clickTopMenu()[pri:3, instance:projectLuma.ProjectLumaFlow@6340e5f0]" started-at="2024-08-01T21:45:33 IST" name="clickTopMenu" finished-at="2024-08-01T21:45:35 IST" duration-ms="1899" status="PASS">
          <reporter-output>
          </reporter-output>
        </test-method> <!-- clickTopMenu -->
        <test-method signature="clickSorter()[pri:4, instance:projectLuma.ProjectLumaFlow@6340e5f0]" started-at="2024-08-01T21:45:35 IST" name="clickSorter" finished-at="2024-08-01T21:45:37 IST" duration-ms="2081" status="PASS">
          <reporter-output>
          </reporter-output>
        </test-method> <!-- clickSorter -->
        <test-method signature="clickMaterial()[pri:5, instance:projectLuma.ProjectLumaFlow@6340e5f0]" started-at="2024-08-01T21:45:37 IST" name="clickMaterial" finished-at="2024-08-01T21:45:39 IST" duration-ms="1748" status="PASS">
          <reporter-output>
          </reporter-output>
        </test-method> <!-- clickMaterial -->
        <test-method signature="clickPhotoProduct()[pri:6, instance:projectLuma.ProjectLumaFlow@6340e5f0]" started-at="2024-08-01T21:45:39 IST" name="clickPhotoProduct" finished-at="2024-08-01T21:45:40 IST" duration-ms="1204" status="PASS">
          <reporter-output>
          </reporter-output>
        </test-method> <!-- clickPhotoProduct -->
        <test-method signature="addWishList()[pri:7, instance:projectLuma.ProjectLumaFlow@6340e5f0]" started-at="2024-08-01T21:45:40 IST" name="addWishList" finished-at="2024-08-01T21:45:44 IST" duration-ms="4207" status="PASS">
          <reporter-output>
          </reporter-output>
        </test-method> <!-- addWishList -->
        <test-method signature="addQuantity()[pri:8, instance:projectLuma.ProjectLumaFlow@6340e5f0]" started-at="2024-08-01T21:45:44 IST" name="addQuantity" finished-at="2024-08-01T21:45:45 IST" duration-ms="163" status="PASS">
          <reporter-output>
          </reporter-output>
        </test-method> <!-- addQuantity -->
        <test-method signature="addToCart()[pri:9, instance:projectLuma.ProjectLumaFlow@6340e5f0]" started-at="2024-08-01T21:45:45 IST" name="addToCart" finished-at="2024-08-01T21:45:49 IST" duration-ms="4138" status="PASS">
          <reporter-output>
          </reporter-output>
        </test-method> <!-- addToCart -->
        <test-method signature="clickCart()[pri:10, instance:projectLuma.ProjectLumaFlow@6340e5f0]" started-at="2024-08-01T21:45:49 IST" name="clickCart" finished-at="2024-08-01T21:45:49 IST" duration-ms="138" status="PASS">
          <reporter-output>
          </reporter-output>
        </test-method> <!-- clickCart -->
        <test-method signature="proceedCheckout()[pri:11, instance:projectLuma.ProjectLumaFlow@6340e5f0]" started-at="2024-08-01T21:45:49 IST" name="proceedCheckout" finished-at="2024-08-01T21:45:51 IST" duration-ms="2259" status="PASS">
          <reporter-output>
          </reporter-output>
        </test-method> <!-- proceedCheckout -->
        <test-method signature="adddetails()[pri:12, instance:projectLuma.ProjectLumaFlow@6340e5f0]" started-at="2024-08-01T21:45:51 IST" name="adddetails" finished-at="2024-08-01T21:45:58 IST" duration-ms="7221" status="PASS">
          <reporter-output>
          </reporter-output>
        </test-method> <!-- adddetails -->
        <test-method signature="updateDetails()[pri:13, instance:projectLuma.ProjectLumaFlow@6340e5f0]" started-at="2024-08-01T21:45:58 IST" name="updateDetails" finished-at="2024-08-01T21:46:02 IST" duration-ms="3204" status="PASS">
          <reporter-output>
          </reporter-output>
        </test-method> <!-- updateDetails -->
        <test-method signature="placeOrderbtn()[pri:14, instance:projectLuma.ProjectLumaFlow@6340e5f0]" started-at="2024-08-01T21:46:02 IST" name="placeOrderbtn" finished-at="2024-08-01T21:46:02 IST" duration-ms="122" status="PASS">
          <reporter-output>
          </reporter-output>
        </test-method> <!-- placeOrderbtn -->
        <test-method signature="takeScreenshot()[pri:15, instance:projectLuma.ProjectLumaFlow@6340e5f0]" started-at="2024-08-01T21:46:02 IST" name="takeScreenshot" finished-at="2024-08-01T21:46:02 IST" duration-ms="267" status="PASS">
          <reporter-output>
          </reporter-output>
        </test-method> <!-- takeScreenshot -->
        <test-method signature="continueShopping()[pri:16, instance:projectLuma.ProjectLumaFlow@6340e5f0]" started-at="2024-08-01T21:46:02 IST" name="continueShopping" finished-at="2024-08-01T21:46:08 IST" duration-ms="6246" status="PASS">
          <reporter-output>
          </reporter-output>
        </test-method> <!-- continueShopping -->
        <test-method signature="searchText()[pri:17, instance:projectLuma.ProjectLumaFlow@6340e5f0]" started-at="2024-08-01T21:46:08 IST" name="searchText" finished-at="2024-08-01T21:46:12 IST" duration-ms="3363" status="PASS">
          <reporter-output>
          </reporter-output>
        </test-method> <!-- searchText -->
        <test-method signature="myOrder()[pri:18, instance:projectLuma.ProjectLumaFlow@6340e5f0]" started-at="2024-08-01T21:46:12 IST" name="myOrder" finished-at="2024-08-01T21:46:15 IST" duration-ms="3339" status="PASS">
          <reporter-output>
          </reporter-output>
        </test-method> <!-- myOrder -->
        <test-method signature="signOut()[pri:19, instance:projectLuma.ProjectLumaFlow@6340e5f0]" started-at="2024-08-01T21:46:15 IST" name="signOut" finished-at="2024-08-01T21:46:19 IST" duration-ms="3678" status="PASS">
          <reporter-output>
          </reporter-output>
        </test-method> <!-- signOut -->
        <test-method signature="changePwd()[pri:20, instance:projectLuma.ProjectLumaFlow@6340e5f0]" started-at="2024-08-01T21:46:19 IST" name="changePwd" finished-at="2024-08-01T21:46:38 IST" duration-ms="19577" status="PASS">
          <reporter-output>
          </reporter-output>
        </test-method> <!-- changePwd -->
        <test-method signature="createAccount()[pri:21, instance:projectLuma.ProjectLumaFlow@6340e5f0]" started-at="2024-08-01T21:46:38 IST" name="createAccount" finished-at="2024-08-01T21:47:35 IST" duration-ms="56835" status="PASS">
          <reporter-output>
          </reporter-output>
        </test-method> <!-- createAccount -->
        <test-method signature="signinValidInvalid()[pri:22, instance:projectLuma.ProjectLumaFlow@6340e5f0]" started-at="2024-08-01T21:47:35 IST" name="signinValidInvalid" finished-at="2024-08-01T21:48:25 IST" duration-ms="49746" status="PASS">
          <reporter-output>
          </reporter-output>
        </test-method> <!-- signinValidInvalid -->
      </class> <!-- projectLuma.ProjectLumaFlow -->
    </test> <!-- Default test -->
  </suite> <!-- Default suite -->
</testng-results>
