<?xml version="1.0" encoding="UTF-8"?>
<testng-results ignored="0" total="3" passed="3" failed="0" skipped="0">
  <reporter-output>
  </reporter-output>
  <suite started-at="2024-08-11T13:14:01 IST" name="Default suite" finished-at="2024-08-11T13:14:25 IST" duration-ms="23558">
    <groups>
    </groups>
    <test started-at="2024-08-11T13:14:01 IST" name="Default test" finished-at="2024-08-11T13:14:25 IST" duration-ms="23558">
      <class name="projectLuma.NavigateBackAndForwardMain">
        <test-method signature="setup()[pri:0, instance:projectLuma.NavigateBackAndForwardMain@6221a451]" started-at="2024-08-11T13:14:02 IST" name="setup" finished-at="2024-08-11T13:14:04 IST" duration-ms="2103" status="PASS">
          <reporter-output>
          </reporter-output>
        </test-method> <!-- setup -->
        <test-method signature="placeOrder()[pri:1, instance:projectLuma.NavigateBackAndForwardMain@6221a451]" started-at="2024-08-11T13:14:04 IST" name="placeOrder" finished-at="2024-08-11T13:14:13 IST" duration-ms="9595" status="PASS">
          <reporter-output>
          </reporter-output>
        </test-method> <!-- placeOrder -->
        <test-method signature="verifybackandFwd()[pri:2, instance:projectLuma.NavigateBackAndForwardMain@6221a451]" started-at="2024-08-11T13:14:13 IST" name="verifybackandFwd" finished-at="2024-08-11T13:14:25 IST" duration-ms="11783" status="PASS">
          <reporter-output>
          </reporter-output>
        </test-method> <!-- verifybackandFwd -->
      </class> <!-- projectLuma.NavigateBackAndForwardMain -->
    </test> <!-- Default test -->
  </suite> <!-- Default suite -->
</testng-results>
