<?xml version="1.0" encoding="UTF-8"?>
<!-- Generated by org.testng.reporters.JUnitReportReporter -->
<testsuite hostname="LAPTOP-LTVAK7HH" failures="0" tests="23" name="projectLuma.ProjectLumaFlow" time="145.142" errors="1" timestamp="2024-08-01T15:54:26 IST" skipped="0">
  <testcase classname="projectLuma.ProjectLumaFlow" name="setup" time="2.176"/>
  <testcase classname="projectLuma.ProjectLumaFlow" name="urlContains" time="3.697"/>
  <testcase classname="projectLuma.ProjectLumaFlow" name="placeOrder" time="4.280"/>
  <testcase classname="projectLuma.ProjectLumaFlow" name="clickTopMenu" time="21.999">
    <error message="Cannot invoke &quot;org.openqa.selenium.WebDriver.getClass()&quot; because &quot;exceptionDriver&quot; is null" type="java.lang.NullPointerException">
      <![CDATA[java.lang.NullPointerException: Cannot invoke "org.openqa.selenium.WebDriver.getClass()" because "exceptionDriver" is null
at org.openqa.selenium.support.ui.WebDriverWait.timeoutException(WebDriverWait.java:85)
at org.openqa.selenium.support.ui.FluentWait.until(FluentWait.java:228)
at projectLuma.LumaSignIn.clickGearSubMenuBag(LumaSignIn.java:155)
at projectLuma.ProjectLumaFlow.clickTopMenu(ProjectLumaFlow.java:70)
at java.base/jdk.internal.reflect.NativeMethodAccessorImpl.invoke0(Native Method)
at java.base/jdk.internal.reflect.NativeMethodAccessorImpl.invoke(NativeMethodAccessorImpl.java:77)
at java.base/jdk.internal.reflect.DelegatingMethodAccessorImpl.invoke(DelegatingMethodAccessorImpl.java:43)
at java.base/java.lang.reflect.Method.invoke(Method.java:568)
at org.testng.internal.invokers.MethodInvocationHelper.invokeMethod(MethodInvocationHelper.java:141)
at org.testng.internal.invokers.TestInvoker.invokeMethod(TestInvoker.java:686)
at org.testng.internal.invokers.TestInvoker.invokeTestMethod(TestInvoker.java:230)
at org.testng.internal.invokers.MethodRunner.runInSequence(MethodRunner.java:63)
at org.testng.internal.invokers.TestInvoker$MethodInvocationAgent.invoke(TestInvoker.java:992)
at org.testng.internal.invokers.TestInvoker.invokeTestMethods(TestInvoker.java:203)
at org.testng.internal.invokers.TestMethodWorker.invokeTestMethods(TestMethodWorker.java:154)
at org.testng.internal.invokers.TestMethodWorker.run(TestMethodWorker.java:134)
at java.base/java.util.ArrayList.forEach(ArrayList.java:1511)
at org.testng.TestRunner.privateRun(TestRunner.java:739)
at org.testng.TestRunner.run(TestRunner.java:614)
at org.testng.SuiteRunner.runTest(SuiteRunner.java:421)
at org.testng.SuiteRunner.runSequentially(SuiteRunner.java:413)
at org.testng.SuiteRunner.privateRun(SuiteRunner.java:373)
at org.testng.SuiteRunner.run(SuiteRunner.java:312)
at org.testng.SuiteRunnerWorker.runSuite(SuiteRunnerWorker.java:52)
at org.testng.SuiteRunnerWorker.run(SuiteRunnerWorker.java:95)
at org.testng.TestNG.runSuitesSequentially(TestNG.java:1274)
at org.testng.TestNG.runSuitesLocally(TestNG.java:1208)
at org.testng.TestNG.runSuites(TestNG.java:1112)
at org.testng.TestNG.run(TestNG.java:1079)
at org.testng.remote.AbstractRemoteTestNG.run(AbstractRemoteTestNG.java:115)
at org.testng.remote.RemoteTestNG.initAndRun(RemoteTestNG.java:293)
at org.testng.remote.RemoteTestNG.main(RemoteTestNG.java:91)
]]>
    </error>
  </testcase> <!-- clickTopMenu -->
  <testcase classname="projectLuma.ProjectLumaFlow" name="clickSorter" time="1.328"/>
  <testcase classname="projectLuma.ProjectLumaFlow" name="clickMaterial" time="1.343"/>
  <testcase classname="projectLuma.ProjectLumaFlow" name="clickPhotoProduct" time="1.211"/>
  <testcase classname="projectLuma.ProjectLumaFlow" name="addWishList" time="3.156"/>
  <testcase classname="projectLuma.ProjectLumaFlow" name="addQuantity" time="0.186"/>
  <testcase classname="projectLuma.ProjectLumaFlow" name="addToCart" time="0.108"/>
  <testcase classname="projectLuma.ProjectLumaFlow" name="clickCart" time="2.566"/>
  <testcase classname="projectLuma.ProjectLumaFlow" name="proceedCheckout" time="2.116"/>
  <testcase classname="projectLuma.ProjectLumaFlow" name="adddetails" time="11.575"/>
  <testcase classname="projectLuma.ProjectLumaFlow" name="updateDetails" time="7.041"/>
  <testcase classname="projectLuma.ProjectLumaFlow" name="placeOrderbtn" time="5.090"/>
  <testcase classname="projectLuma.ProjectLumaFlow" name="takeScreenshot" time="0.131"/>
  <testcase classname="projectLuma.ProjectLumaFlow" name="continueShopping" time="1.141"/>
  <testcase classname="projectLuma.ProjectLumaFlow" name="searchText" time="3.030"/>
  <testcase classname="projectLuma.ProjectLumaFlow" name="myOrder" time="3.028"/>
  <testcase classname="projectLuma.ProjectLumaFlow" name="signOut" time="3.446"/>
  <testcase classname="projectLuma.ProjectLumaFlow" name="changePwd" time="9.885"/>
  <testcase classname="projectLuma.ProjectLumaFlow" name="createAccount" time="10.572"/>
  <testcase classname="projectLuma.ProjectLumaFlow" name="signinValidInvalid" time="46.037"/>
</testsuite> <!-- projectLuma.ProjectLumaFlow -->
